[debug] [2020-09-12T15:03:53.061Z] ----------------------------------------------------------------------
[debug] [2020-09-12T15:03:53.063Z] Command:       /usr/local/lib/nodejs/node-v12.18.2-linux-x64/bin/node /usr/local/bin/firebase deploy
[debug] [2020-09-12T15:03:53.063Z] CLI Version:   8.6.0
[debug] [2020-09-12T15:03:53.063Z] Platform:      linux
[debug] [2020-09-12T15:03:53.063Z] Node Version:  v12.18.2
[debug] [2020-09-12T15:03:53.064Z] Time:          Sat Sep 12 2020 18:03:53 GMT+0300 (East Africa Time)
[debug] [2020-09-12T15:03:53.064Z] ----------------------------------------------------------------------
[debug] [2020-09-12T15:03:53.064Z] 
[debug] [2020-09-12T15:03:53.069Z] > command requires scopes: ["email","openid","https://www.googleapis.com/auth/cloudplatformprojects.readonly","https://www.googleapis.com/auth/firebase","https://www.googleapis.com/auth/cloud-platform"]
[debug] [2020-09-12T15:03:53.070Z] > authorizing via signed-in user
[debug] [2020-09-12T15:03:53.070Z] [iam] checking project milzcollection for permissions ["datastore.indexes.create","datastore.indexes.delete","datastore.indexes.list","datastore.indexes.update","firebase.projects.get","firebasehosting.sites.update"]
[debug] [2020-09-12T15:03:53.072Z] >>> HTTP REQUEST POST https://cloudresourcemanager.googleapis.com/v1/projects/milzcollection:testIamPermissions  
 {"permissions":["datastore.indexes.create","datastore.indexes.delete","datastore.indexes.list","datastore.indexes.update","firebase.projects.get","firebasehosting.sites.update"]}
[debug] [2020-09-12T15:04:00.029Z] <<< HTTP RESPONSE 200 {"content-type":"application/json; charset=UTF-8","vary":"X-Origin, Referer, Origin,Accept-Encoding","date":"Sat, 12 Sep 2020 15:05:54 GMT","server":"ESF","cache-control":"private","x-xss-protection":"0","x-frame-options":"SAMEORIGIN","x-content-type-options":"nosniff","server-timing":"gfet4t7; dur=1297","alt-svc":"h3-29=\":443\"; ma=2592000,h3-27=\":443\"; ma=2592000,h3-T051=\":443\"; ma=2592000,h3-T050=\":443\"; ma=2592000,h3-Q050=\":443\"; ma=2592000,h3-Q046=\":443\"; ma=2592000,h3-Q043=\":443\"; ma=2592000,quic=\":443\"; ma=2592000; v=\"46,43\"","accept-ranges":"none","transfer-encoding":"chunked"}
[debug] [2020-09-12T15:04:00.035Z] >>> HTTP REQUEST GET https://firebase.googleapis.com/v1beta1/projects/milzcollection  
 
[debug] [2020-09-12T15:04:24.879Z] Server Error. socket hang up
[debug] [2020-09-12T15:04:27.930Z] FirebaseError: Server Error. socket hang up
    at Request._callback (/usr/local/lib/node_modules/firebase-tools/lib/api.js:32:31)
    at self.callback (/usr/local/lib/node_modules/firebase-tools/node_modules/request/request.js:185:22)
    at Request.emit (events.js:315:20)
    at Request.EventEmitter.emit (domain.js:482:12)
    at Request.onRequestError (/usr/local/lib/node_modules/firebase-tools/node_modules/request/request.js:877:8)
    at ClientRequest.emit (events.js:327:22)
    at ClientRequest.EventEmitter.emit (domain.js:482:12)
    at TLSSocket.socketOnEnd (_http_client.js:453:9)
    at TLSSocket.emit (events.js:327:22)
    at TLSSocket.EventEmitter.emit (domain.js:482:12)
    at endReadableNT (_stream_readable.js:1221:12)
    at processTicksAndRejections (internal/process/task_queues.js:84:21)
[error] 
[error] Error: Failed to get Firebase project milzcollection. Please make sure the project exists and your account has permission to access it.
[debug] [2020-09-12T15:04:49.200Z] ----------------------------------------------------------------------
[debug] [2020-09-12T15:04:49.202Z] Command:       /usr/local/lib/nodejs/node-v12.18.2-linux-x64/bin/node /usr/local/bin/firebase deploy
[debug] [2020-09-12T15:04:49.202Z] CLI Version:   8.6.0
[debug] [2020-09-12T15:04:49.202Z] Platform:      linux
[debug] [2020-09-12T15:04:49.202Z] Node Version:  v12.18.2
[debug] [2020-09-12T15:04:49.202Z] Time:          Sat Sep 12 2020 18:04:49 GMT+0300 (East Africa Time)
[debug] [2020-09-12T15:04:49.203Z] ----------------------------------------------------------------------
[debug] [2020-09-12T15:04:49.203Z] 
[debug] [2020-09-12T15:04:49.208Z] > command requires scopes: ["email","openid","https://www.googleapis.com/auth/cloudplatformprojects.readonly","https://www.googleapis.com/auth/firebase","https://www.googleapis.com/auth/cloud-platform"]
[debug] [2020-09-12T15:04:49.208Z] > authorizing via signed-in user
[debug] [2020-09-12T15:04:49.208Z] [iam] checking project milzcollection for permissions ["datastore.indexes.create","datastore.indexes.delete","datastore.indexes.list","datastore.indexes.update","firebase.projects.get","firebasehosting.sites.update"]
[debug] [2020-09-12T15:04:49.210Z] >>> HTTP REQUEST POST https://cloudresourcemanager.googleapis.com/v1/projects/milzcollection:testIamPermissions  
 {"permissions":["datastore.indexes.create","datastore.indexes.delete","datastore.indexes.list","datastore.indexes.update","firebase.projects.get","firebasehosting.sites.update"]}
[debug] [2020-09-12T15:05:06.825Z] <<< HTTP RESPONSE 200 {"content-type":"application/json; charset=UTF-8","vary":"X-Origin, Referer, Origin,Accept-Encoding","date":"Sat, 12 Sep 2020 15:06:52 GMT","server":"ESF","cache-control":"private","x-xss-protection":"0","x-frame-options":"SAMEORIGIN","x-content-type-options":"nosniff","server-timing":"gfet4t7; dur=1296","alt-svc":"h3-29=\":443\"; ma=2592000,h3-27=\":443\"; ma=2592000,h3-T051=\":443\"; ma=2592000,h3-T050=\":443\"; ma=2592000,h3-Q050=\":443\"; ma=2592000,h3-Q046=\":443\"; ma=2592000,h3-Q043=\":443\"; ma=2592000,quic=\":443\"; ma=2592000; v=\"46,43\"","accept-ranges":"none","transfer-encoding":"chunked"}
[debug] [2020-09-12T15:05:06.834Z] >>> HTTP REQUEST GET https://firebase.googleapis.com/v1beta1/projects/milzcollection  
 
[debug] [2020-09-12T15:05:16.387Z] <<< HTTP RESPONSE 200 {"content-type":"application/json; charset=UTF-8","vary":"X-Origin, Referer, Origin,Accept-Encoding","date":"Sat, 12 Sep 2020 15:07:13 GMT","server":"ESF","cache-control":"private","x-xss-protection":"0","x-frame-options":"SAMEORIGIN","x-content-type-options":"nosniff","alt-svc":"h3-29=\":443\"; ma=2592000,h3-27=\":443\"; ma=2592000,h3-T051=\":443\"; ma=2592000,h3-T050=\":443\"; ma=2592000,h3-Q050=\":443\"; ma=2592000,h3-Q046=\":443\"; ma=2592000,h3-Q043=\":443\"; ma=2592000,quic=\":443\"; ma=2592000; v=\"46,43\"","accept-ranges":"none","transfer-encoding":"chunked"}
[info] 
[info] === Deploying to 'milzcollection'...
[info] 
[info] i  deploying firestore, hosting 
[info] i  firestore: reading indexes from firestore.indexes.json... 
[info] i  cloud.firestore: checking firestore.rules for compilation errors... 
[debug] [2020-09-12T15:05:16.402Z] >>> HTTP REQUEST POST https://firebaserules.googleapis.com/v1/projects/milzcollection:test  
 {"source":{"files":[{"name":"firestore.rules","content":"rules_version = '2';\nservice cloud.firestore {\n  match /databases/{database}/documents {\n    match /{document=**} {\n      allow read, write: if false;\n    }\n  }\n}"}]}}
[debug] [2020-09-12T15:05:22.444Z] <<< HTTP RESPONSE 200 {"content-type":"application/json; charset=UTF-8","vary":"X-Origin, Referer, Origin,Accept-Encoding","date":"Sat, 12 Sep 2020 15:07:16 GMT","server":"ESF","cache-control":"private","x-xss-protection":"0","x-frame-options":"SAMEORIGIN","x-content-type-options":"nosniff","alt-svc":"h3-29=\":443\"; ma=2592000,h3-27=\":443\"; ma=2592000,h3-T051=\":443\"; ma=2592000,h3-T050=\":443\"; ma=2592000,h3-Q050=\":443\"; ma=2592000,h3-Q046=\":443\"; ma=2592000,h3-Q043=\":443\"; ma=2592000,quic=\":443\"; ma=2592000; v=\"46,43\"","accept-ranges":"none","transfer-encoding":"chunked"}
[info] ✔  cloud.firestore: rules file firestore.rules compiled successfully 
[debug] [2020-09-12T15:05:22.451Z] >>> HTTP REQUEST POST https://firebasehosting.googleapis.com/v1beta1/sites/milzcollection/versions  
 {"config":{"rewrites":[{"glob":"**","path":"/index.html"}]},"labels":{"deployment-tool":"cli-firebase"}}
[debug] [2020-09-12T15:05:25.210Z] <<< HTTP RESPONSE 200 {"content-type":"application/json; charset=UTF-8","vary":"X-Origin, Referer, Origin,Accept-Encoding","date":"Sat, 12 Sep 2020 15:07:23 GMT","server":"ESF","cache-control":"private","x-xss-protection":"0","x-frame-options":"SAMEORIGIN","x-content-type-options":"nosniff","alt-svc":"h3-29=\":443\"; ma=2592000,h3-27=\":443\"; ma=2592000,h3-T051=\":443\"; ma=2592000,h3-T050=\":443\"; ma=2592000,h3-Q050=\":443\"; ma=2592000,h3-Q046=\":443\"; ma=2592000,h3-Q043=\":443\"; ma=2592000,quic=\":443\"; ma=2592000; v=\"46,43\"","accept-ranges":"none","transfer-encoding":"chunked"}
[debug] [2020-09-12T15:05:25.218Z] >>> HTTP REQUEST GET https://firebaserules.googleapis.com/v1/projects/milzcollection/releases?pageSize=10&pageToken=  
 
[debug] [2020-09-12T15:05:25.220Z] >>> HTTP REQUEST GET https://firestore.googleapis.com/v1/projects/milzcollection/databases/(default)/collectionGroups/-/indexes  
 
[debug] [2020-09-12T15:05:26.242Z] <<< HTTP RESPONSE 200 {"content-type":"application/json; charset=UTF-8","vary":"X-Origin, Referer, Origin,Accept-Encoding","date":"Sat, 12 Sep 2020 15:07:24 GMT","server":"ESF","cache-control":"private","x-xss-protection":"0","x-frame-options":"SAMEORIGIN","x-content-type-options":"nosniff","alt-svc":"h3-29=\":443\"; ma=2592000,h3-27=\":443\"; ma=2592000,h3-T051=\":443\"; ma=2592000,h3-T050=\":443\"; ma=2592000,h3-Q050=\":443\"; ma=2592000,h3-Q046=\":443\"; ma=2592000,h3-Q043=\":443\"; ma=2592000,quic=\":443\"; ma=2592000; v=\"46,43\"","accept-ranges":"none","transfer-encoding":"chunked"}
[debug] [2020-09-12T15:05:26.246Z] >>> HTTP REQUEST GET https://firebaserules.googleapis.com/v1/projects/milzcollection/rulesets/9e07e862-f853-4638-b956-09d6c1066ccb  
 
[debug] [2020-09-12T15:05:27.212Z] <<< HTTP RESPONSE 200 {"content-type":"application/json; charset=UTF-8","vary":"X-Origin, Referer, Origin,Accept-Encoding","date":"Sat, 12 Sep 2020 15:07:25 GMT","server":"ESF","cache-control":"private","x-xss-protection":"0","x-frame-options":"SAMEORIGIN","x-content-type-options":"nosniff","alt-svc":"h3-29=\":443\"; ma=2592000,h3-27=\":443\"; ma=2592000,h3-T051=\":443\"; ma=2592000,h3-T050=\":443\"; ma=2592000,h3-Q050=\":443\"; ma=2592000,h3-Q046=\":443\"; ma=2592000,h3-Q043=\":443\"; ma=2592000,quic=\":443\"; ma=2592000; v=\"46,43\"","accept-ranges":"none","transfer-encoding":"chunked"}
[debug] [2020-09-12T15:05:27.214Z] >>> HTTP REQUEST GET https://firestore.googleapis.com/v1/projects/milzcollection/databases/(default)/collectionGroups/-/fields?filter=indexConfig.usesAncestorConfig=false  
 
[debug] [2020-09-12T15:05:35.071Z] <<< HTTP RESPONSE 200 {"content-type":"application/json; charset=UTF-8","vary":"X-Origin, Referer, Origin,Accept-Encoding","date":"Sat, 12 Sep 2020 15:07:26 GMT","server":"ESF","cache-control":"private","x-xss-protection":"0","x-frame-options":"SAMEORIGIN","x-content-type-options":"nosniff","alt-svc":"h3-29=\":443\"; ma=2592000,h3-27=\":443\"; ma=2592000,h3-T051=\":443\"; ma=2592000,h3-T050=\":443\"; ma=2592000,h3-Q050=\":443\"; ma=2592000,h3-Q046=\":443\"; ma=2592000,h3-Q043=\":443\"; ma=2592000,quic=\":443\"; ma=2592000; v=\"46,43\"","accept-ranges":"none","transfer-encoding":"chunked"}
[info] i  firestore: latest version of firestore.rules already up to date, skipping upload... 
[debug] [2020-09-12T15:05:47.580Z] <<< HTTP RESPONSE 200 {"content-type":"application/json; charset=UTF-8","vary":"X-Origin, Referer, Origin,Accept-Encoding","date":"Sat, 12 Sep 2020 15:07:34 GMT","server":"ESF","cache-control":"private","x-xss-protection":"0","x-frame-options":"SAMEORIGIN","x-content-type-options":"nosniff","alt-svc":"h3-29=\":443\"; ma=2592000,h3-27=\":443\"; ma=2592000,h3-T051=\":443\"; ma=2592000,h3-T050=\":443\"; ma=2592000,h3-Q050=\":443\"; ma=2592000,h3-Q046=\":443\"; ma=2592000,h3-Q043=\":443\"; ma=2592000,quic=\":443\"; ma=2592000; v=\"46,43\"","accept-ranges":"none","transfer-encoding":"chunked"}
[info] ✔  firestore: deployed indexes in firestore.indexes.json successfully 
[info] i  hosting[milzcollection]: beginning deploy... 
[info] i  hosting[milzcollection]: found 22 files in build 
[debug] [2020-09-12T15:05:47.727Z] [hosting] hash cache [YnVpbGQ] stored for 22 files
[debug] [2020-09-12T15:05:47.727Z] [hosting][hash queue][FINAL] {"max":124,"min":19,"avg":27.636363636363637,"active":0,"complete":22,"success":22,"errored":0,"retried":0,"total":22,"elapsed":132}
[debug] [2020-09-12T15:05:47.727Z] >>> HTTP REQUEST POST https://firebasehosting.googleapis.com/v1beta1/sites/milzcollection/versions/d26ec9bd5c2950e0:populateFiles  
 <request body omitted>
[debug] [2020-09-12T15:05:52.141Z] <<< HTTP RESPONSE 200 {"content-type":"application/json; charset=UTF-8","vary":"X-Origin, Referer, Origin,Accept-Encoding","date":"Sat, 12 Sep 2020 15:07:48 GMT","server":"ESF","cache-control":"private","x-xss-protection":"0","x-frame-options":"SAMEORIGIN","x-content-type-options":"nosniff","alt-svc":"h3-29=\":443\"; ma=2592000,h3-27=\":443\"; ma=2592000,h3-T051=\":443\"; ma=2592000,h3-T050=\":443\"; ma=2592000,h3-Q050=\":443\"; ma=2592000,h3-Q046=\":443\"; ma=2592000,h3-Q043=\":443\"; ma=2592000,quic=\":443\"; ma=2592000; v=\"46,43\"","accept-ranges":"none","transfer-encoding":"chunked"}
[debug] [2020-09-12T15:05:52.155Z] [hosting][populate queue][FINAL] {"max":4420,"min":4420,"avg":4420,"active":0,"complete":1,"success":1,"errored":0,"retried":0,"total":1,"elapsed":4429}
[debug] [2020-09-12T15:05:52.156Z] [hosting] uploads queued: 6
[debug] [2020-09-12T15:06:00.163Z] [hosting][upload queue][FINAL] {"max":8019,"min":7166,"avg":7734,"active":0,"complete":6,"success":6,"errored":0,"retried":0,"total":6,"elapsed":8020}
[info] ✔  hosting[milzcollection]: file upload complete 
[debug] [2020-09-12T15:06:00.165Z] [hosting] deploy completed after 12584ms
[debug] [2020-09-12T15:06:02.720Z] [rules] releasing cloud.firestore with ruleset projects/milzcollection/rulesets/9e07e862-f853-4638-b956-09d6c1066ccb
[debug] [2020-09-12T15:06:02.723Z] >>> HTTP REQUEST PATCH https://firebaserules.googleapis.com/v1/projects/milzcollection/releases/cloud.firestore  
 {"release":{"name":"projects/milzcollection/releases/cloud.firestore","rulesetName":"projects/milzcollection/rulesets/9e07e862-f853-4638-b956-09d6c1066ccb"}}
[debug] [2020-09-12T15:06:07.500Z] <<< HTTP RESPONSE 200 {"content-type":"application/json; charset=UTF-8","vary":"X-Origin, Referer, Origin,Accept-Encoding","date":"Sat, 12 Sep 2020 15:08:02 GMT","server":"ESF","cache-control":"private","x-xss-protection":"0","x-frame-options":"SAMEORIGIN","x-content-type-options":"nosniff","alt-svc":"h3-29=\":443\"; ma=2592000,h3-27=\":443\"; ma=2592000,h3-T051=\":443\"; ma=2592000,h3-T050=\":443\"; ma=2592000,h3-Q050=\":443\"; ma=2592000,h3-Q046=\":443\"; ma=2592000,h3-Q043=\":443\"; ma=2592000,quic=\":443\"; ma=2592000; v=\"46,43\"","accept-ranges":"none","transfer-encoding":"chunked"}
[debug] [2020-09-12T15:06:07.501Z] [rules] updated release projects/milzcollection/releases/cloud.firestore
[info] ✔  firestore: released rules firestore.rules to cloud.firestore 
[debug] [2020-09-12T15:06:07.503Z] [
  {
    "config": {
      "public": "build",
      "ignore": [
        "firebase.json",
        "**/.*",
        "**/node_modules/**"
      ],
      "rewrites": [
        {
          "source": "**",
          "destination": "/index.html"
        }
      ],
      "site": "milzcollection"
    },
    "site": "milzcollection",
    "version": "sites/milzcollection/versions/d26ec9bd5c2950e0"
  }
]
[info] i  hosting[milzcollection]: finalizing version... 
[debug] [2020-09-12T15:06:07.505Z] >>> HTTP REQUEST PATCH https://firebasehosting.googleapis.com/v1beta1/sites/milzcollection/versions/d26ec9bd5c2950e0?updateMask=status  
 {"status":"FINALIZED"}
[debug] [2020-09-12T15:06:21.155Z] Error: socket hang up
    at connResetException (internal/errors.js:609:14)
    at TLSSocket.socketOnEnd (_http_client.js:453:23)
    at TLSSocket.emit (events.js:327:22)
    at TLSSocket.EventEmitter.emit (domain.js:482:12)
    at endReadableNT (_stream_readable.js:1221:12)
    at processTicksAndRejections (internal/process/task_queues.js:84:21)
[error] 
[error] Error: Server Error. socket hang up
[debug] [2020-09-12T15:06:26.911Z] ----------------------------------------------------------------------
[debug] [2020-09-12T15:06:26.913Z] Command:       /usr/local/lib/nodejs/node-v12.18.2-linux-x64/bin/node /usr/local/bin/firebase deploy
[debug] [2020-09-12T15:06:26.913Z] CLI Version:   8.6.0
[debug] [2020-09-12T15:06:26.913Z] Platform:      linux
[debug] [2020-09-12T15:06:26.913Z] Node Version:  v12.18.2
[debug] [2020-09-12T15:06:26.913Z] Time:          Sat Sep 12 2020 18:06:26 GMT+0300 (East Africa Time)
[debug] [2020-09-12T15:06:26.914Z] ----------------------------------------------------------------------
[debug] [2020-09-12T15:06:26.914Z] 
[debug] [2020-09-12T15:06:26.919Z] > command requires scopes: ["email","openid","https://www.googleapis.com/auth/cloudplatformprojects.readonly","https://www.googleapis.com/auth/firebase","https://www.googleapis.com/auth/cloud-platform"]
[debug] [2020-09-12T15:06:26.919Z] > authorizing via signed-in user
[debug] [2020-09-12T15:06:26.919Z] [iam] checking project milzcollection for permissions ["datastore.indexes.create","datastore.indexes.delete","datastore.indexes.list","datastore.indexes.update","firebase.projects.get","firebasehosting.sites.update"]
[debug] [2020-09-12T15:06:26.921Z] >>> HTTP REQUEST POST https://cloudresourcemanager.googleapis.com/v1/projects/milzcollection:testIamPermissions  
 {"permissions":["datastore.indexes.create","datastore.indexes.delete","datastore.indexes.list","datastore.indexes.update","firebase.projects.get","firebasehosting.sites.update"]}
[debug] [2020-09-12T15:06:38.227Z] <<< HTTP RESPONSE 200 {"content-type":"application/json; charset=UTF-8","vary":"X-Origin, Referer, Origin,Accept-Encoding","date":"Sat, 12 Sep 2020 15:08:34 GMT","server":"ESF","cache-control":"private","x-xss-protection":"0","x-frame-options":"SAMEORIGIN","x-content-type-options":"nosniff","server-timing":"gfet4t7; dur=1293","alt-svc":"h3-29=\":443\"; ma=2592000,h3-27=\":443\"; ma=2592000,h3-T051=\":443\"; ma=2592000,h3-T050=\":443\"; ma=2592000,h3-Q050=\":443\"; ma=2592000,h3-Q046=\":443\"; ma=2592000,h3-Q043=\":443\"; ma=2592000,quic=\":443\"; ma=2592000; v=\"46,43\"","accept-ranges":"none","transfer-encoding":"chunked"}
[debug] [2020-09-12T15:06:38.233Z] >>> HTTP REQUEST GET https://firebase.googleapis.com/v1beta1/projects/milzcollection  
 
[debug] [2020-09-12T15:06:48.460Z] <<< HTTP RESPONSE 200 {"content-type":"application/json; charset=UTF-8","vary":"X-Origin, Referer, Origin,Accept-Encoding","date":"Sat, 12 Sep 2020 15:08:43 GMT","server":"ESF","cache-control":"private","x-xss-protection":"0","x-frame-options":"SAMEORIGIN","x-content-type-options":"nosniff","alt-svc":"h3-29=\":443\"; ma=2592000,h3-27=\":443\"; ma=2592000,h3-T051=\":443\"; ma=2592000,h3-T050=\":443\"; ma=2592000,h3-Q050=\":443\"; ma=2592000,h3-Q046=\":443\"; ma=2592000,h3-Q043=\":443\"; ma=2592000,quic=\":443\"; ma=2592000; v=\"46,43\"","accept-ranges":"none","transfer-encoding":"chunked"}
[info] 
[info] === Deploying to 'milzcollection'...
[info] 
[info] i  deploying firestore, hosting 
[info] i  firestore: reading indexes from firestore.indexes.json... 
[info] i  cloud.firestore: checking firestore.rules for compilation errors... 
[debug] [2020-09-12T15:06:48.475Z] >>> HTTP REQUEST POST https://firebaserules.googleapis.com/v1/projects/milzcollection:test  
 {"source":{"files":[{"name":"firestore.rules","content":"rules_version = '2';\nservice cloud.firestore {\n  match /databases/{database}/documents {\n    match /{document=**} {\n      allow read, write: if false;\n    }\n  }\n}"}]}}
[debug] [2020-09-12T15:06:52.555Z] <<< HTTP RESPONSE 200 {"content-type":"application/json; charset=UTF-8","vary":"X-Origin, Referer, Origin,Accept-Encoding","date":"Sat, 12 Sep 2020 15:08:48 GMT","server":"ESF","cache-control":"private","x-xss-protection":"0","x-frame-options":"SAMEORIGIN","x-content-type-options":"nosniff","alt-svc":"h3-29=\":443\"; ma=2592000,h3-27=\":443\"; ma=2592000,h3-T051=\":443\"; ma=2592000,h3-T050=\":443\"; ma=2592000,h3-Q050=\":443\"; ma=2592000,h3-Q046=\":443\"; ma=2592000,h3-Q043=\":443\"; ma=2592000,quic=\":443\"; ma=2592000; v=\"46,43\"","accept-ranges":"none","transfer-encoding":"chunked"}
[info] ✔  cloud.firestore: rules file firestore.rules compiled successfully 
[debug] [2020-09-12T15:06:52.561Z] >>> HTTP REQUEST POST https://firebasehosting.googleapis.com/v1beta1/sites/milzcollection/versions  
 {"config":{"rewrites":[{"glob":"**","path":"/index.html"}]},"labels":{"deployment-tool":"cli-firebase"}}
[debug] [2020-09-12T15:07:16.649Z] <<< HTTP RESPONSE 200 {"content-type":"application/json; charset=UTF-8","vary":"X-Origin, Referer, Origin,Accept-Encoding","date":"Sat, 12 Sep 2020 15:08:53 GMT","server":"ESF","cache-control":"private","x-xss-protection":"0","x-frame-options":"SAMEORIGIN","x-content-type-options":"nosniff","alt-svc":"h3-29=\":443\"; ma=2592000,h3-27=\":443\"; ma=2592000,h3-T051=\":443\"; ma=2592000,h3-T050=\":443\"; ma=2592000,h3-Q050=\":443\"; ma=2592000,h3-Q046=\":443\"; ma=2592000,h3-Q043=\":443\"; ma=2592000,quic=\":443\"; ma=2592000; v=\"46,43\"","accept-ranges":"none","transfer-encoding":"chunked"}
[debug] [2020-09-12T15:07:16.657Z] >>> HTTP REQUEST GET https://firebaserules.googleapis.com/v1/projects/milzcollection/releases?pageSize=10&pageToken=  
 
[debug] [2020-09-12T15:07:16.659Z] >>> HTTP REQUEST GET https://firestore.googleapis.com/v1/projects/milzcollection/databases/(default)/collectionGroups/-/indexes  
 
[debug] [2020-09-12T15:07:23.287Z] <<< HTTP RESPONSE 200 {"content-type":"application/json; charset=UTF-8","vary":"X-Origin, Referer, Origin,Accept-Encoding","date":"Sat, 12 Sep 2020 15:09:18 GMT","server":"ESF","cache-control":"private","x-xss-protection":"0","x-frame-options":"SAMEORIGIN","x-content-type-options":"nosniff","alt-svc":"h3-29=\":443\"; ma=2592000,h3-27=\":443\"; ma=2592000,h3-T051=\":443\"; ma=2592000,h3-T050=\":443\"; ma=2592000,h3-Q050=\":443\"; ma=2592000,h3-Q046=\":443\"; ma=2592000,h3-Q043=\":443\"; ma=2592000,quic=\":443\"; ma=2592000; v=\"46,43\"","accept-ranges":"none","transfer-encoding":"chunked"}
[debug] [2020-09-12T15:07:23.289Z] >>> HTTP REQUEST GET https://firestore.googleapis.com/v1/projects/milzcollection/databases/(default)/collectionGroups/-/fields?filter=indexConfig.usesAncestorConfig=false  
 
[debug] [2020-09-12T15:07:23.296Z] <<< HTTP RESPONSE 200 {"content-type":"application/json; charset=UTF-8","vary":"X-Origin, Referer, Origin,Accept-Encoding","date":"Sat, 12 Sep 2020 15:09:18 GMT","server":"ESF","cache-control":"private","x-xss-protection":"0","x-frame-options":"SAMEORIGIN","x-content-type-options":"nosniff","alt-svc":"h3-29=\":443\"; ma=2592000,h3-27=\":443\"; ma=2592000,h3-T051=\":443\"; ma=2592000,h3-T050=\":443\"; ma=2592000,h3-Q050=\":443\"; ma=2592000,h3-Q046=\":443\"; ma=2592000,h3-Q043=\":443\"; ma=2592000,quic=\":443\"; ma=2592000; v=\"46,43\"","accept-ranges":"none","transfer-encoding":"chunked"}
[debug] [2020-09-12T15:07:23.299Z] >>> HTTP REQUEST GET https://firebaserules.googleapis.com/v1/projects/milzcollection/rulesets/9e07e862-f853-4638-b956-09d6c1066ccb  
 
[debug] [2020-09-12T15:07:25.210Z] <<< HTTP RESPONSE 200 {"content-type":"application/json; charset=UTF-8","vary":"X-Origin, Referer, Origin,Accept-Encoding","date":"Sat, 12 Sep 2020 15:09:23 GMT","server":"ESF","cache-control":"private","x-xss-protection":"0","x-frame-options":"SAMEORIGIN","x-content-type-options":"nosniff","alt-svc":"h3-29=\":443\"; ma=2592000,h3-27=\":443\"; ma=2592000,h3-T051=\":443\"; ma=2592000,h3-T050=\":443\"; ma=2592000,h3-Q050=\":443\"; ma=2592000,h3-Q046=\":443\"; ma=2592000,h3-Q043=\":443\"; ma=2592000,quic=\":443\"; ma=2592000; v=\"46,43\"","accept-ranges":"none","transfer-encoding":"chunked"}
[info] i  firestore: latest version of firestore.rules already up to date, skipping upload... 
[debug] [2020-09-12T15:07:25.220Z] <<< HTTP RESPONSE 200 {"content-type":"application/json; charset=UTF-8","vary":"X-Origin, Referer, Origin,Accept-Encoding","date":"Sat, 12 Sep 2020 15:09:23 GMT","server":"ESF","cache-control":"private","x-xss-protection":"0","x-frame-options":"SAMEORIGIN","x-content-type-options":"nosniff","alt-svc":"h3-29=\":443\"; ma=2592000,h3-27=\":443\"; ma=2592000,h3-T051=\":443\"; ma=2592000,h3-T050=\":443\"; ma=2592000,h3-Q050=\":443\"; ma=2592000,h3-Q046=\":443\"; ma=2592000,h3-Q043=\":443\"; ma=2592000,quic=\":443\"; ma=2592000; v=\"46,43\"","accept-ranges":"none","transfer-encoding":"chunked"}
[info] ✔  firestore: deployed indexes in firestore.indexes.json successfully 
[info] i  hosting[milzcollection]: beginning deploy... 
[info] i  hosting[milzcollection]: found 22 files in build 
[debug] [2020-09-12T15:07:25.285Z] [hosting] hash cache [YnVpbGQ] stored for 22 files
[debug] [2020-09-12T15:07:25.285Z] [hosting][hash queue][FINAL] {"max":16,"min":2,"avg":2,"active":0,"complete":22,"success":22,"errored":0,"retried":0,"total":22,"elapsed":22}
[debug] [2020-09-12T15:07:25.286Z] >>> HTTP REQUEST POST https://firebasehosting.googleapis.com/v1beta1/sites/milzcollection/versions/f7b39b5385c24cbf:populateFiles  
 <request body omitted>
[debug] [2020-09-12T15:07:27.212Z] <<< HTTP RESPONSE 200 {"content-type":"application/json; charset=UTF-8","vary":"X-Origin, Referer, Origin,Accept-Encoding","date":"Sat, 12 Sep 2020 15:09:25 GMT","server":"ESF","cache-control":"private","x-xss-protection":"0","x-frame-options":"SAMEORIGIN","x-content-type-options":"nosniff","alt-svc":"h3-29=\":443\"; ma=2592000,h3-27=\":443\"; ma=2592000,h3-T051=\":443\"; ma=2592000,h3-T050=\":443\"; ma=2592000,h3-Q050=\":443\"; ma=2592000,h3-Q046=\":443\"; ma=2592000,h3-Q043=\":443\"; ma=2592000,quic=\":443\"; ma=2592000; v=\"46,43\"","accept-ranges":"none","transfer-encoding":"chunked"}
[debug] [2020-09-12T15:07:27.214Z] [hosting][populate queue][FINAL] {"max":1932,"min":1932,"avg":1932,"active":0,"complete":1,"success":1,"errored":0,"retried":0,"total":1,"elapsed":1932}
[debug] [2020-09-12T15:07:27.214Z] [hosting] uploads queued: 0
[debug] [2020-09-12T15:07:27.215Z] [hosting][upload queue][FINAL] {"max":0,"min":9999999999,"avg":0,"active":0,"complete":0,"success":0,"errored":0,"retried":0,"total":0,"elapsed":1599923247215}
[info] ✔  hosting[milzcollection]: file upload complete 
[debug] [2020-09-12T15:07:27.217Z] [hosting] deploy completed after 1992ms
[debug] [2020-09-12T15:07:32.317Z] [rules] releasing cloud.firestore with ruleset projects/milzcollection/rulesets/9e07e862-f853-4638-b956-09d6c1066ccb
[debug] [2020-09-12T15:07:32.318Z] >>> HTTP REQUEST PATCH https://firebaserules.googleapis.com/v1/projects/milzcollection/releases/cloud.firestore  
 {"release":{"name":"projects/milzcollection/releases/cloud.firestore","rulesetName":"projects/milzcollection/rulesets/9e07e862-f853-4638-b956-09d6c1066ccb"}}
[debug] [2020-09-12T15:07:37.612Z] <<< HTTP RESPONSE 200 {"content-type":"application/json; charset=UTF-8","vary":"X-Origin, Referer, Origin,Accept-Encoding","date":"Sat, 12 Sep 2020 15:09:33 GMT","server":"ESF","cache-control":"private","x-xss-protection":"0","x-frame-options":"SAMEORIGIN","x-content-type-options":"nosniff","alt-svc":"h3-29=\":443\"; ma=2592000,h3-27=\":443\"; ma=2592000,h3-T051=\":443\"; ma=2592000,h3-T050=\":443\"; ma=2592000,h3-Q050=\":443\"; ma=2592000,h3-Q046=\":443\"; ma=2592000,h3-Q043=\":443\"; ma=2592000,quic=\":443\"; ma=2592000; v=\"46,43\"","accept-ranges":"none","transfer-encoding":"chunked"}
[debug] [2020-09-12T15:07:37.612Z] [rules] updated release projects/milzcollection/releases/cloud.firestore
[info] ✔  firestore: released rules firestore.rules to cloud.firestore 
[debug] [2020-09-12T15:07:37.614Z] [
  {
    "config": {
      "public": "build",
      "ignore": [
        "firebase.json",
        "**/.*",
        "**/node_modules/**"
      ],
      "rewrites": [
        {
          "source": "**",
          "destination": "/index.html"
        }
      ],
      "site": "milzcollection"
    },
    "site": "milzcollection",
    "version": "sites/milzcollection/versions/f7b39b5385c24cbf"
  }
]
[info] i  hosting[milzcollection]: finalizing version... 
[debug] [2020-09-12T15:07:37.616Z] >>> HTTP REQUEST PATCH https://firebasehosting.googleapis.com/v1beta1/sites/milzcollection/versions/f7b39b5385c24cbf?updateMask=status  
 {"status":"FINALIZED"}
[debug] [2020-09-12T15:07:57.715Z] Error: socket hang up
    at connResetException (internal/errors.js:609:14)
    at TLSSocket.socketOnEnd (_http_client.js:453:23)
    at TLSSocket.emit (events.js:327:22)
    at TLSSocket.EventEmitter.emit (domain.js:482:12)
    at endReadableNT (_stream_readable.js:1221:12)
    at processTicksAndRejections (internal/process/task_queues.js:84:21)
[error] 
[error] Error: Server Error. socket hang up
